5347167282303113665
5451071131132164849
5139373758049682973
5183500681541330004
5409528918950861690
5544574287152993687
5388748149185878226
5547193787702629969
5349771320974680424
5328999570641048431
5300410550331962313
5128980796182648762
5583549826869814370
5500429324790314097
5627715405071292252
5284846877341398011
5292624204120996763
5640673750900064642
5622512481693138548
5360139801528157279
5419885803088443114
5612131116237773404
5399153995950634590
5313398531435045858
5625094616031493847
5619885250193978504
5653298377774130455
5461438323187034145
5134204335408048218
5373144532999528628
5290025319410186490
5160142931398773125
5645863789384750277
5082189274976367100
5477052247294927142
5666648424616076521
5323778608396028180
5160186740065192318
5406946784612504113
5162803663638647290
5354936878145780735
5573158153497130603
5503024344030559423
5170556509104663531
5492642978579388802
5658849193503292805
5175714335334600128
5264050645694159353
5191298624163954909
5118567218476758074
5186090546820820475
5609497442296058297
5414726688372484623
5599095461001863347
5664059847830970190
5287439319601264181
5199081104904313198
5638099347502840287
5555360238519252381
5336761435538386209
5677062002321969028
5539381671692122744
5489989977280645307
5126393507883535583
5341975955332463984
5271844722846213628
5510818421182616259
5295223088831807011
5380941187131962683
5188715201335408308
5469219515441401057
5230269009924211852
5310822839547632763
5115997969040288798
5443278342466100962
5266645664934403562
5102955871349273478
5703039253018367389
5505620651760993161
5544620672795594434
5661437770296784835
5695231002474224804
5570581173123726063
5305617339184877785
5362768321513312336
5412134246112617653
5206894509409203177
5674481156477994816
5604298384384246058
5417334592514618865
5435485553804231154
5123776584310080888
5240620740101037385
5689483047742012437
5458863919789809122
5679676348919241949
5523757439662722521
5669269213664292916
5258818087037440299
5167942162515780379
5484832151054906012
5497831728569688871
5705635560752997295
5526436210765238209
5427722400416703259
5131569372971949657
5235455182938329306
5471850612406932231
5671866809880718863
5422498861191302677
5318609185758554501
5141963623324979850
5227646932390001944
5549784941472309008
5282235107728699991
5562797403888981787
5432920169838327808
5635446346208291490
5526405286996514129
5438098611911316590
5630291096962899987
5154964489329981991
5248439298566680341
5690789576793428608
5303026185415228226
5399126937660868308
5108178122084455100
5308226531817199474
5105576660393265393
5331593301391104626
5217256547507511999
5300433743159556513
5583573019697407629
5162737950639018504
5453682900740639513
5542003749222140011
5147163969726980524
5391310956171401520
5256228221757951173
5557581595604745631
5212066509027021530
5471858343343866390
5430295515323739606
5567986153879284861
5329022763468644559
5334183166670595181
5443293804352559100
5365320820573129752
5110769275854133936
5316007724067368375
5269245838135402929
5516014902114050495
5173160547776230613
5565388557658661325
5232849855772379884
5321170704253895214
5593907999501752147
5089967890246158488
5352354743803225263
5531550228324592939
5326387801028349263
5521212671535675656
5388697898068513166
5204268566404426649
5165358739687234184
5495222535941565020
5513413440422861390
5297820685052472127
5344574840043246379
5245830105934359183
5575755749717756038
5560179191825337466
5518616363805241247
5632877096771821968
5253646087419594905
5219838681845868979
5464062977701622467
5157563374040793418
5461430592250097390
5396544803318313330
5578354634428568091
5523772901540793112
5152332103878454816
5362776052450249538
5684854790983838452
5552368364300855101
5596522346094827581
5534228999422914578
5627669019428687932
5100377602481482580
5095188852491180510
5113369449055134314
5591311691767122873
5448461938499838027
5404314399156784194
5243233798203925568
5367932590185829051
5466659285432056680
5487392381060028758
5508218247981616465
5378320398087942136
5643259750708988359
5084819083455904024
5092591256270557686
5440689765680991449
5438083150024854276
5222476221262344289
5386135091082989193
5149756411986848693
5528984844354493562
5370535340367206998
5474441766172415791
5393899532960700718
5648443346738532928
5339374493641274357
5573181346324726072
5357558955675792747
5087397352319500829
5622520212630075710
5383536206372207589
5136783892766027774
5121181565069835620
5588757904212947266
5614688769262543432
5225040316738057988
5214658951286889389
5601700788159427420
5097786448711803488
5682261060233782614
5687452387208630622
5606895980600673684
5354914973808375695
5196475777742558012
5279641376978644926
5375742129220150945
5144572815957301505
5580958673100135189
5251033029316736209
5209463758845643561
5274434588125702436
5697842772086927726
5555325449284154780
5586146134600246572
5479613765790262884